

/******************************************************************************************
* WriteStepFile diagnostics.
* Date:                           Tue Dec 31 16:31:49 2019 
* Produced by:                    The EXPRESS Data Manager Version 5.02.0100.07 : 28 Aug 2013
* Module:                         EDMstepFileFactory/EDMstandAlone
* Host:                           PC-201908051738
* Database:                       C:\Users\ADMINI~1\AppData\Local\Temp\{65DC0693-00B2-4F59-ABF1-6579A7E1520C}\ifc
* Database version:               5507
* Database creation date:         Tue Dec 31 16:31:37 2019
* Model:                          DataRepository.ifc
* Model creation date:            Tue Dec 31 16:31:38 2019
* Header model:                   DataRepository.ifc_HeaderModel
* Header model creation date:     Tue Dec 31 16:31:38 2019
* Step file:                      {E6833AC1-D396-47B6-BD24-3FFB0CDDFF4A}.ifc
* EDMuser:                        sdai-user
* EDMgroup:                       sdai-group
* License ID and type:            5605 : Permanent license. Expiry date: 
* EDMstepFileFactory options:     020000
******************************************************************************************/


------------------------------------------------------------------------------------------------
Operation terminated successfully.
------------------------------------------------------------------------------------------------

