

/******************************************************************************************
* WriteStepFile diagnostics.
* Date:                           Tue Dec 31 16:19:56 2019 
* Produced by:                    The EXPRESS Data Manager Version 5.02.0100.07 : 28 Aug 2013
* Module:                         EDMstepFileFactory/EDMstandAlone
* Host:                           PC-201908051738
* Database:                       C:\Users\ADMINI~1\AppData\Local\Temp\{CB22EEAB-278B-4604-BEF4-8BA2FE83DAE0}\ifc
* Database version:               5507
* Database creation date:         Tue Dec 31 16:19:45 2019
* Model:                          DataRepository.ifc
* Model creation date:            Tue Dec 31 16:19:45 2019
* Header model:                   DataRepository.ifc_HeaderModel
* Header model creation date:     Tue Dec 31 16:19:45 2019
* Step file:                      {3DAC7805-8209-4CF8-BDB6-AEB3AC15A01C}.ifc
* EDMuser:                        sdai-user
* EDMgroup:                       sdai-group
* License ID and type:            5605 : Permanent license. Expiry date: 
* EDMstepFileFactory options:     020000
******************************************************************************************/


------------------------------------------------------------------------------------------------
Operation terminated successfully.
------------------------------------------------------------------------------------------------

