

/******************************************************************************************
* WriteStepFile diagnostics.
* Date:                           Tue Dec 31 16:22:59 2019 
* Produced by:                    The EXPRESS Data Manager Version 5.02.0100.07 : 28 Aug 2013
* Module:                         EDMstepFileFactory/EDMstandAlone
* Host:                           PC-201908051738
* Database:                       C:\Users\ADMINI~1\AppData\Local\Temp\{A87C238C-88E5-430D-9D8D-2F59761CDF08}\ifc
* Database version:               5507
* Database creation date:         Tue Dec 31 16:22:41 2019
* Model:                          DataRepository.ifc
* Model creation date:            Tue Dec 31 16:22:41 2019
* Header model:                   DataRepository.ifc_HeaderModel
* Header model creation date:     Tue Dec 31 16:22:41 2019
* Step file:                      {337F6003-8DFE-4DC8-A6AF-FA65B9601122}.ifc
* EDMuser:                        sdai-user
* EDMgroup:                       sdai-group
* License ID and type:            5605 : Permanent license. Expiry date: 
* EDMstepFileFactory options:     020000
******************************************************************************************/


------------------------------------------------------------------------------------------------
Operation terminated successfully.
------------------------------------------------------------------------------------------------

