

/******************************************************************************************
* WriteStepFile diagnostics.
* Date:                           Tue Dec 31 16:25:10 2019 
* Produced by:                    The EXPRESS Data Manager Version 5.02.0100.07 : 28 Aug 2013
* Module:                         EDMstepFileFactory/EDMstandAlone
* Host:                           PC-201908051738
* Database:                       C:\Users\ADMINI~1\AppData\Local\Temp\{2ADD8ABD-CBFF-4439-8120-618E33D4CF0C}\ifc
* Database version:               5507
* Database creation date:         Tue Dec 31 16:25:02 2019
* Model:                          DataRepository.ifc
* Model creation date:            Tue Dec 31 16:25:02 2019
* Header model:                   DataRepository.ifc_HeaderModel
* Header model creation date:     Tue Dec 31 16:25:02 2019
* Step file:                      {8F4D49C0-37B6-4C55-A4EA-73350D187DBC}.ifc
* EDMuser:                        sdai-user
* EDMgroup:                       sdai-group
* License ID and type:            5605 : Permanent license. Expiry date: 
* EDMstepFileFactory options:     020000
******************************************************************************************/


------------------------------------------------------------------------------------------------
Operation terminated successfully.
------------------------------------------------------------------------------------------------

